This is pdfTeX, Version 3.141592653-2.6-1.40.25 (TeX Live 2023) (preloaded format=pdflatex 2023.5.30)  30 MAY 2023 17:02
entering extended mode
 restricted \write18 enabled.
 %&-line parsing enabled.
**./report.tex
(./report.tex
LaTeX2e <2022-11-01> patch level 1
L3 programming layer <2023-02-22>
(/usr/local/texlive/2023basic/texmf-dist/tex/latex/base/report.cls
Document Class: report 2022/07/02 v1.4n Standard LaTeX document class
(/usr/local/texlive/2023basic/texmf-dist/tex/latex/base/size12.clo
File: size12.clo 2022/07/02 v1.4n Standard LaTeX file (size option)
)
\c@part=\count185
\c@chapter=\count186
\c@section=\count187
\c@subsection=\count188
\c@subsubsection=\count189
\c@paragraph=\count190
\c@subparagraph=\count191
\c@figure=\count192
\c@table=\count193
\abovecaptionskip=\skip48
\belowcaptionskip=\skip49
\bibindent=\dimen140
)
(/usr/local/texlive/2023basic/texmf-dist/tex/latex/pdfpages/pdfpages.sty
Package: pdfpages 2022/12/19 v0.5x Insert pages of external PDF documents (AM)

(/usr/local/texlive/2023basic/texmf-dist/tex/latex/base/ifthen.sty
Package: ifthen 2022/04/13 v1.1d Standard LaTeX ifthen package (DPC)
)
(/usr/local/texlive/2023basic/texmf-dist/tex/latex/tools/calc.sty
Package: calc 2017/05/25 v4.3 Infix arithmetic (KKT,FJ)
\calc@Acount=\count194
\calc@Bcount=\count195
\calc@Adimen=\dimen141
\calc@Bdimen=\dimen142
\calc@Askip=\skip50
\calc@Bskip=\skip51
LaTeX Info: Redefining \setlength on input line 80.
LaTeX Info: Redefining \addtolength on input line 81.
\calc@Ccount=\count196
\calc@Cskip=\skip52
)
(/usr/local/texlive/2023basic/texmf-dist/tex/latex/eso-pic/eso-pic.sty
Package: eso-pic 2020/10/14 v3.0a eso-pic (RN)
\ESO@tempdima=\dimen143
\ESO@tempdimb=\dimen144

(/usr/local/texlive/2023basic/texmf-dist/tex/latex/graphics/keyval.sty
Package: keyval 2022/05/29 v1.15 key=value parser (DPC)
\KV@toks@=\toks16
)
(/usr/local/texlive/2023basic/texmf-dist/tex/latex/xcolor/xcolor.sty
Package: xcolor 2022/06/12 v2.14 LaTeX color extensions (UK)

(/usr/local/texlive/2023basic/texmf-dist/tex/latex/graphics-cfg/color.cfg
File: color.cfg 2016/01/02 v1.6 sample color configuration
)
Package xcolor Info: Driver file: pdftex.def on input line 227.

(/usr/local/texlive/2023basic/texmf-dist/tex/latex/graphics-def/pdftex.def
File: pdftex.def 2022/09/22 v1.2b Graphics/color driver for pdftex
)
(/usr/local/texlive/2023basic/texmf-dist/tex/latex/graphics/mathcolor.ltx)
Package xcolor Info: Model `cmy' substituted by `cmy0' on input line 1353.
Package xcolor Info: Model `hsb' substituted by `rgb' on input line 1357.
Package xcolor Info: Model `RGB' extended on input line 1369.
Package xcolor Info: Model `HTML' substituted by `rgb' on input line 1371.
Package xcolor Info: Model `Hsb' substituted by `hsb' on input line 1372.
Package xcolor Info: Model `tHsb' substituted by `hsb' on input line 1373.
Package xcolor Info: Model `HSB' substituted by `hsb' on input line 1374.
Package xcolor Info: Model `Gray' substituted by `gray' on input line 1375.
Package xcolor Info: Model `wave' substituted by `hsb' on input line 1376.
))
(/usr/local/texlive/2023basic/texmf-dist/tex/latex/graphics/graphicx.sty
Package: graphicx 2021/09/16 v1.2d Enhanced LaTeX Graphics (DPC,SPQR)

(/usr/local/texlive/2023basic/texmf-dist/tex/latex/graphics/graphics.sty
Package: graphics 2022/03/10 v1.4e Standard LaTeX Graphics (DPC,SPQR)

(/usr/local/texlive/2023basic/texmf-dist/tex/latex/graphics/trig.sty
Package: trig 2021/08/11 v1.11 sin cos tan (DPC)
)
(/usr/local/texlive/2023basic/texmf-dist/tex/latex/graphics-cfg/graphics.cfg
File: graphics.cfg 2016/06/04 v1.11 sample graphics configuration
)
Package graphics Info: Driver file: pdftex.def on input line 107.
)
\Gin@req@height=\dimen145
\Gin@req@width=\dimen146
)
\AM@pagewidth=\dimen147
\AM@pageheight=\dimen148
\AM@fboxrule=\dimen149
(/usr/local/texlive/2023basic/texmf-dist/tex/latex/pdfpages/pppdftex.def
File: pppdftex.def 2022/12/19 v0.5x Pdfpages driver for pdfTeX (AM)
)
\pdfpages@includegraphics@status=\count197
\AM@pagebox=\box51
\AM@global@opts=\toks17
\AM@pagecnt=\count198
\AM@toc@title=\toks18
\AM@lof@heading=\toks19
\c@AM@survey=\count199
\AM@templatesizebox=\box52
)

! LaTeX Error: File `Geometry.sty' not found.

Type X to quit or <RETURN> to proceed,
or enter new name. (Default extension: sty)

Enter file name: 
(/usr/local/texlive/2023basic/texmf-dist/tex/latex/hyperref/hyperref.sty
Package: hyperref 2023-02-07 v7.00v Hypertext links for LaTeX

(/usr/local/texlive/2023basic/texmf-dist/tex/generic/ltxcmds/ltxcmds.sty
Package: ltxcmds 2020-05-10 v1.25 LaTeX kernel commands for general use (HO)
)
(/usr/local/texlive/2023basic/texmf-dist/tex/generic/iftex/iftex.sty
Package: iftex 2022/02/03 v1.0f TeX engine tests
)
(/usr/local/texlive/2023basic/texmf-dist/tex/generic/pdftexcmds/pdftexcmds.sty
Package: pdftexcmds 2020-06-27 v0.33 Utility functions of pdfTeX for LuaTeX (HO
)

(/usr/local/texlive/2023basic/texmf-dist/tex/generic/infwarerr/infwarerr.sty
Package: infwarerr 2019/12/03 v1.5 Providing info/warning/error messages (HO)
)
Package pdftexcmds Info: \pdf@primitive is available.
Package pdftexcmds Info: \pdf@ifprimitive is available.
Package pdftexcmds Info: \pdfdraftmode found.
)
(/usr/local/texlive/2023basic/texmf-dist/tex/latex/kvsetkeys/kvsetkeys.sty
Package: kvsetkeys 2022-10-05 v1.19 Key value parser (HO)
)
(/usr/local/texlive/2023basic/texmf-dist/tex/generic/kvdefinekeys/kvdefinekeys.
sty
Package: kvdefinekeys 2019-12-19 v1.6 Define keys (HO)
)
(/usr/local/texlive/2023basic/texmf-dist/tex/generic/pdfescape/pdfescape.sty
Package: pdfescape 2019/12/09 v1.15 Implements pdfTeX's escape features (HO)
)
(/usr/local/texlive/2023basic/texmf-dist/tex/latex/hycolor/hycolor.sty
Package: hycolor 2020-01-27 v1.10 Color options for hyperref/bookmark (HO)
)
(/usr/local/texlive/2023basic/texmf-dist/tex/latex/letltxmacro/letltxmacro.sty
Package: letltxmacro 2019/12/03 v1.6 Let assignment for LaTeX macros (HO)
) (/usr/local/texlive/2023basic/texmf-dist/tex/latex/auxhook/auxhook.sty
Package: auxhook 2019-12-17 v1.6 Hooks for auxiliary files (HO)
)
(/usr/local/texlive/2023basic/texmf-dist/tex/latex/hyperref/nameref.sty
Package: nameref 2022-05-17 v2.50 Cross-referencing by name of section

(/usr/local/texlive/2023basic/texmf-dist/tex/latex/refcount/refcount.sty
Package: refcount 2019/12/15 v3.6 Data extraction from label references (HO)
)
(/usr/local/texlive/2023basic/texmf-dist/tex/generic/gettitlestring/gettitlestr
ing.sty
Package: gettitlestring 2019/12/15 v1.6 Cleanup title references (HO)

(/usr/local/texlive/2023basic/texmf-dist/tex/latex/kvoptions/kvoptions.sty
Package: kvoptions 2022-06-15 v3.15 Key value format for package options (HO)
))
\c@section@level=\count266
)
\@linkdim=\dimen150
\Hy@linkcounter=\count267
\Hy@pagecounter=\count268

(/usr/local/texlive/2023basic/texmf-dist/tex/latex/hyperref/pd1enc.def
File: pd1enc.def 2023-02-07 v7.00v Hyperref: PDFDocEncoding definition (HO)
Now handling font encoding PD1 ...
... no UTF-8 mapping file for font encoding PD1
)
(/usr/local/texlive/2023basic/texmf-dist/tex/generic/intcalc/intcalc.sty
Package: intcalc 2019/12/15 v1.3 Expandable calculations with integers (HO)
)
(/usr/local/texlive/2023basic/texmf-dist/tex/generic/etexcmds/etexcmds.sty
Package: etexcmds 2019/12/15 v1.7 Avoid name clashes with e-TeX commands (HO)
)
\Hy@SavedSpaceFactor=\count269

(/usr/local/texlive/2023basic/texmf-dist/tex/latex/hyperref/puenc.def
File: puenc.def 2023-02-07 v7.00v Hyperref: PDF Unicode definition (HO)
Now handling font encoding PU ...
... no UTF-8 mapping file for font encoding PU
)
Package hyperref Info: Hyper figures OFF on input line 4177.
Package hyperref Info: Link nesting OFF on input line 4182.
Package hyperref Info: Hyper index ON on input line 4185.
Package hyperref Info: Plain pages OFF on input line 4192.
Package hyperref Info: Backreferencing OFF on input line 4197.
Package hyperref Info: Implicit mode ON; LaTeX internals redefined.
Package hyperref Info: Bookmarks ON on input line 4425.
\c@Hy@tempcnt=\count270

(/usr/local/texlive/2023basic/texmf-dist/tex/latex/url/url.sty
\Urlmuskip=\muskip16
Package: url 2013/09/16  ver 3.4  Verb mode for urls, etc.
)
LaTeX Info: Redefining \url on input line 4763.
\XeTeXLinkMargin=\dimen151

(/usr/local/texlive/2023basic/texmf-dist/tex/generic/bitset/bitset.sty
Package: bitset 2019/12/09 v1.3 Handle bit-vector datatype (HO)

(/usr/local/texlive/2023basic/texmf-dist/tex/generic/bigintcalc/bigintcalc.sty
Package: bigintcalc 2019/12/15 v1.5 Expandable calculations on big integers (HO
)
))
\Fld@menulength=\count271
\Field@Width=\dimen152
\Fld@charsize=\dimen153
Package hyperref Info: Hyper figures OFF on input line 6042.
Package hyperref Info: Link nesting OFF on input line 6047.
Package hyperref Info: Hyper index ON on input line 6050.
Package hyperref Info: backreferencing OFF on input line 6057.
Package hyperref Info: Link coloring OFF on input line 6062.
Package hyperref Info: Link coloring with OCG OFF on input line 6067.
Package hyperref Info: PDF/A mode OFF on input line 6072.
 (/usr/local/texlive/2023basic/texmf-dist/tex/latex/base/atbegshi-ltx.sty
Package: atbegshi-ltx 2021/01/10 v1.0c Emulation of the original atbegshi
package with kernel methods
)
\Hy@abspage=\count272
\c@Item=\count273
\c@Hfootnote=\count274
)
Package hyperref Info: Driver (autodetected): hpdftex.

(/usr/local/texlive/2023basic/texmf-dist/tex/latex/hyperref/hpdftex.def
File: hpdftex.def 2023-02-07 v7.00v Hyperref driver for pdfTeX

(/usr/local/texlive/2023basic/texmf-dist/tex/latex/base/atveryend-ltx.sty
Package: atveryend-ltx 2020/08/19 v1.0a Emulation of the original atveryend pac
kage
with kernel methods
)
\Fld@listcount=\count275
\c@bookmark@seq@number=\count276

(/usr/local/texlive/2023basic/texmf-dist/tex/latex/rerunfilecheck/rerunfilechec
k.sty
Package: rerunfilecheck 2022-07-10 v1.10 Rerun checks for auxiliary files (HO)

(/usr/local/texlive/2023basic/texmf-dist/tex/generic/uniquecounter/uniquecounte
r.sty
Package: uniquecounter 2019/12/15 v1.4 Provide unlimited unique counter (HO)
)
Package uniquecounter Info: New unique counter `rerunfilecheck' on input line 2
85.
)
\Hy@SectionHShift=\skip53
)
Package hyperref Info: Option `colorlinks' set `true' on input line 10.
 (/usr/local/texlive/2023basic/texmf-dist/tex/generic/babel/babel.sty
Package: babel 2023/02/13 3.86 The Babel package
\babel@savecnt=\count277
\U@D=\dimen154
\l@unhyphenated=\language23

(/usr/local/texlive/2023basic/texmf-dist/tex/generic/babel/txtbabel.def)
\bbl@readstream=\read2
\bbl@dirlevel=\count278

(/usr/local/texlive/2023basic/texmf-dist/tex/generic/babel-english/english.ldf
Language: english 2017/06/06 v3.3r English support from the babel system
Package babel Info: Hyphen rules for 'canadian' set to \l@english
(babel)             (\language0). Reported on input line 102.
Package babel Info: Hyphen rules for 'australian' set to \l@ukenglish
(babel)             (\language7). Reported on input line 105.
Package babel Info: Hyphen rules for 'newzealand' set to \l@ukenglish
(babel)             (\language7). Reported on input line 108.
))
(/usr/local/texlive/2023basic/texmf-dist/tex/generic/babel/locale/en/babel-engl
ish.tex
Package babel Info: Importing font and identification data for english
(babel)             from babel-en.ini. Reported on input line 11.
) (/usr/local/texlive/2023basic/texmf-dist/tex/latex/base/inputenc.sty
Package: inputenc 2021/02/14 v1.3d Input encoding file
\inpenc@prehook=\toks20
\inpenc@posthook=\toks21
)
(/usr/local/texlive/2023basic/texmf-dist/tex/latex/fancyhdr/fancyhdr.sty
Package: fancyhdr 2022/11/09 v4.1 Extensive control of page headers and footers

\f@nch@headwidth=\skip54
\f@nch@O@elh=\skip55
\f@nch@O@erh=\skip56
\f@nch@O@olh=\skip57
\f@nch@O@orh=\skip58
\f@nch@O@elf=\skip59
\f@nch@O@erf=\skip60
\f@nch@O@olf=\skip61
\f@nch@O@orf=\skip62
)
(/usr/local/texlive/2023basic/texmf-dist/tex/latex/ragged2e/ragged2e.sty
Package: ragged2e 2023/02/25 v3.4 ragged2e Package
\CenteringLeftskip=\skip63
\RaggedLeftLeftskip=\skip64
\RaggedRightLeftskip=\skip65
\CenteringRightskip=\skip66
\RaggedLeftRightskip=\skip67
\RaggedRightRightskip=\skip68
\CenteringParfillskip=\skip69
\RaggedLeftParfillskip=\skip70
\RaggedRightParfillskip=\skip71
\JustifyingParfillskip=\skip72
\CenteringParindent=\skip73
\RaggedLeftParindent=\skip74
\RaggedRightParindent=\skip75
\JustifyingParindent=\skip76
)
(/usr/local/texlive/2023basic/texmf-dist/tex/latex/psnfss/times.sty
Package: times 2020/03/25 PSNFSS-v9.3 (SPQR) 
)
(/usr/local/texlive/2023basic/texmf-dist/tex/latex/tools/array.sty
Package: array 2022/09/04 v2.5g Tabular extension package (FMi)
\col@sep=\dimen155
\ar@mcellbox=\box53
\extrarowheight=\dimen156
\NC@list=\toks22
\extratabsurround=\skip77
\backup@length=\skip78
\ar@cellbox=\box54
)

! LaTeX Error: File `wrapfig.sty' not found.

Type X to quit or <RETURN> to proceed,
or enter new name. (Default extension: sty)

Enter file name: 

! LaTeX Error: File `lipsum.sty' not found.

Type X to quit or <RETURN> to proceed,
or enter new name. (Default extension: sty)

Enter file name: 

! LaTeX Error: File `multirow.sty' not found.

Type X to quit or <RETURN> to proceed,
or enter new name. (Default extension: sty)

Enter file name: 
   defining Unicode char U+0394 (decimal 916)
LaTeX Font Info:    Trying to load font information for OT1+ptm on input line 3
7.
(/usr/local/texlive/2023basic/texmf-dist/tex/latex/psnfss/ot1ptm.fd
File: ot1ptm.fd 2001/06/04 font definitions for OT1/ptm.
)
(/usr/local/texlive/2023basic/texmf-dist/tex/latex/l3backend/l3backend-pdftex.d
ef
File: l3backend-pdftex.def 2023-01-16 L3 backend support: PDF output (pdfTeX)
\l__color_backend_stack_int=\count279
\l__pdf_internal_box=\box55
) (./report.aux

LaTeX Warning: Label `Sponsorship Letter' multiply defined.

)
\openout1 = `report.aux'.

LaTeX Font Info:    Checking defaults for OML/cmm/m/it on input line 37.
LaTeX Font Info:    ... okay on input line 37.
LaTeX Font Info:    Checking defaults for OMS/cmsy/m/n on input line 37.
LaTeX Font Info:    ... okay on input line 37.
LaTeX Font Info:    Checking defaults for OT1/cmr/m/n on input line 37.
LaTeX Font Info:    ... okay on input line 37.
LaTeX Font Info:    Checking defaults for T1/cmr/m/n on input line 37.
LaTeX Font Info:    ... okay on input line 37.
LaTeX Font Info:    Checking defaults for TS1/cmr/m/n on input line 37.
LaTeX Font Info:    ... okay on input line 37.
LaTeX Font Info:    Checking defaults for OMX/cmex/m/n on input line 37.
LaTeX Font Info:    ... okay on input line 37.
LaTeX Font Info:    Checking defaults for U/cmr/m/n on input line 37.
LaTeX Font Info:    ... okay on input line 37.
LaTeX Font Info:    Checking defaults for PD1/pdf/m/n on input line 37.
LaTeX Font Info:    ... okay on input line 37.
LaTeX Font Info:    Checking defaults for PU/pdf/m/n on input line 37.
LaTeX Font Info:    ... okay on input line 37.
 (/usr/local/texlive/2023basic/texmf-dist/tex/context/base/mkii/supp-pdf.mkii
[Loading MPS to PDF converter (version 2006.09.02).]
\scratchcounter=\count280
\scratchdimen=\dimen157
\scratchbox=\box56
\nofMPsegments=\count281
\nofMParguments=\count282
\everyMPshowfont=\toks23
\MPscratchCnt=\count283
\MPscratchDim=\dimen158
\MPnumerator=\count284
\makeMPintoPDFobject=\count285
\everyMPtoPDFconversion=\toks24
)
(/usr/local/texlive/2023basic/texmf-dist/tex/latex/epstopdf-pkg/epstopdf-base.s
ty
Package: epstopdf-base 2020-01-24 v2.11 Base part for package epstopdf
Package epstopdf-base Info: Redefining graphics rule for `.eps' on input line 4
85.

(/usr/local/texlive/2023basic/texmf-dist/tex/latex/latexconfig/epstopdf-sys.cfg
File: epstopdf-sys.cfg 2010/07/13 v1.3 Configuration of (r)epstopdf for TeX Liv
e
)) (/usr/local/texlive/2023basic/texmf-dist/tex/latex/pdflscape/pdflscape.sty
Package: pdflscape 2022-10-27 v0.13 Display of landscape pages in PDF

(/usr/local/texlive/2023basic/texmf-dist/tex/latex/pdflscape/pdflscape-nometada
ta.sty
Package: pdflscape-nometadata 2022-10-28 v0.13 Display of landscape pages in PD
F (HO)
 (/usr/local/texlive/2023basic/texmf-dist/tex/latex/graphics/lscape.sty
Package: lscape 2020/05/28 v3.02 Landscape Pages (DPC)
)
Package pdflscape Info: Auto-detected driver: pdftex on input line 81.
))
Package hyperref Info: Link coloring ON on input line 37.
 (./report.out) (./report.out)
\@outlinefile=\write3
\openout3 = `report.out'.

<images//Logo.png, id=184, 602.25pt x 180.675pt>
File: images//Logo.png Graphic file (type png)
<use images//Logo.png>
Package pdftex.def Info: images//Logo.png  used on input line 71.
(pdftex.def)             Requested size: 150.56212pt x 45.16862pt.
 [1

{/usr/local/texlive/2023basic/texmf-var/fonts/map/pdftex/updmap/pdftex.map}{/us
r/local/texlive/2023basic/texmf-dist/fonts/enc/dvips/base/8r.enc} <./images//Lo
go.png>]
File: images//Logo.png Graphic file (type png)
<use images//Logo.png>
Package pdftex.def Info: images//Logo.png  used on input line 94.
(pdftex.def)             Requested size: 170.71652pt x 51.21446pt.
 [2

] [3]
<images//Allocation.png, id=202, 598.03426pt x 845.559pt>
File: images//Allocation.png Graphic file (type png)
<use images//Allocation.png>
Package pdftex.def Info: images//Allocation.png  used on input line 163.
(pdftex.def)             Requested size: 388.71765pt x 549.60684pt.


LaTeX Warning: Float too large for page by 35.45474pt on input line 166.


LaTeX Warning: `h' float specifier changed to `ht'.

<images//image3.png, id=203, 1453.43pt x 2055.68pt>
File: images//image3.png Graphic file (type png)
<use images//image3.png>
Package pdftex.def Info: images//image3.png  used on input line 170.
(pdftex.def)             Requested size: 290.68085pt x 411.12872pt.

LaTeX Warning: `h' float specifier changed to `ht'.

[4 <./images//Allocation.png>] [5 <./images//image3.png>]
LaTeX Font Info:    External font `cmex10' loaded for size
(Font)              <20.74> on input line 180.
LaTeX Font Info:    External font `cmex10' loaded for size
(Font)              <14.4> on input line 180.
LaTeX Font Info:    External font `cmex10' loaded for size
(Font)              <12> on input line 180.
 [6


]
LaTeX Font Info:    External font `cmex10' loaded for size
(Font)              <8> on input line 222.
LaTeX Font Info:    External font `cmex10' loaded for size
(Font)              <6> on input line 222.
 [7

] (./report.toc [8


] [9] [10])
\tf@toc=\write4
\openout4 = `report.toc'.

 [11] (./report.lof [12


])
\tf@lof=\write5
\openout5 = `report.lof'.

 [13]

Package fancyhdr Warning: \headheight is too small (12.0pt): 
(fancyhdr)                Make it at least 14.49998pt, for example:
(fancyhdr)                \setlength{\headheight}{14.49998pt}.
(fancyhdr)                You might also make \topmargin smaller to compensate:

(fancyhdr)                \addtolength{\topmargin}{-2.49998pt}.


pdfTeX warning (ext4): destination with the same identifier (name{page.1}) has 
been already used, duplicate ignored
<to be read again> 
                   \relax 
l.262 \clearpage
                 [1

]

Package fancyhdr Warning: \headheight is too small (12.0pt): 
(fancyhdr)                Make it at least 14.49998pt, for example:
(fancyhdr)                \setlength{\headheight}{14.49998pt}.
(fancyhdr)                You might also make \topmargin smaller to compensate:

(fancyhdr)                \addtolength{\topmargin}{-2.49998pt}.


pdfTeX warning (ext4): destination with the same identifier (name{page.2}) has 
been already used, duplicate ignored
<to be read again> 
                   \relax 
l.262 \clearpage
                 [2]
LaTeX Font Info:    Trying to load font information for TS1+ptm on input line 2
71.

(/usr/local/texlive/2023basic/texmf-dist/tex/latex/psnfss/ts1ptm.fd
File: ts1ptm.fd 2001/06/04 font definitions for TS1/ptm.
)
Underfull \hbox (badness 10000) in paragraph at lines 277--278

 []


Package fancyhdr Warning: \headheight is too small (12.0pt): 
(fancyhdr)                Make it at least 14.49998pt, for example:
(fancyhdr)                \setlength{\headheight}{14.49998pt}.
(fancyhdr)                You might also make \topmargin smaller to compensate:

(fancyhdr)                \addtolength{\topmargin}{-2.49998pt}.


pdfTeX warning (ext4): destination with the same identifier (name{page.3}) has 
been already used, duplicate ignored
<to be read again> 
                   \relax 
l.289 \clearpage
                 [3

]

Package fancyhdr Warning: \headheight is too small (12.0pt): 
(fancyhdr)                Make it at least 14.49998pt, for example:
(fancyhdr)                \setlength{\headheight}{14.49998pt}.
(fancyhdr)                You might also make \topmargin smaller to compensate:

(fancyhdr)                \addtolength{\topmargin}{-2.49998pt}.


pdfTeX warning (ext4): destination with the same identifier (name{page.4}) has 
been already used, duplicate ignored
<to be read again> 
                   \relax 
l.289 \clearpage
                 [4]

Package fancyhdr Warning: \headheight is too small (12.0pt): 
(fancyhdr)                Make it at least 14.49998pt, for example:
(fancyhdr)                \setlength{\headheight}{14.49998pt}.
(fancyhdr)                You might also make \topmargin smaller to compensate:

(fancyhdr)                \addtolength{\topmargin}{-2.49998pt}.


pdfTeX warning (ext4): destination with the same identifier (name{page.5}) has 
been already used, duplicate ignored
<to be read again> 
                   \relax 
l.312 
       [5

]
<images//SDLC.png, id=339, 1041.29025pt x 229.45724pt>
File: images//SDLC.png Graphic file (type png)
<use images//SDLC.png>
Package pdftex.def Info: images//SDLC.png  used on input line 332.
(pdftex.def)             Requested size: 520.64384pt x 114.72833pt.

Overfull \hbox (130.64384pt too wide) in paragraph at lines 332--333
 [] 
 []


Package fancyhdr Warning: \headheight is too small (12.0pt): 
(fancyhdr)                Make it at least 14.49998pt, for example:
(fancyhdr)                \setlength{\headheight}{14.49998pt}.
(fancyhdr)                You might also make \topmargin smaller to compensate:

(fancyhdr)                \addtolength{\topmargin}{-2.49998pt}.


pdfTeX warning (ext4): destination with the same identifier (name{page.6}) has 
been already used, duplicate ignored
<to be read again> 
                   \relax 
l.333 \end{center}
                   [6]

Package fancyhdr Warning: \headheight is too small (12.0pt): 
(fancyhdr)                Make it at least 14.49998pt, for example:
(fancyhdr)                \setlength{\headheight}{14.49998pt}.
(fancyhdr)                You might also make \topmargin smaller to compensate:

(fancyhdr)                \addtolength{\topmargin}{-2.49998pt}.


pdfTeX warning (ext4): destination with the same identifier (name{page.7}) has 
been already used, duplicate ignored
<to be read again> 
                   \relax 
l.334 \newpage
               [7 <./images//SDLC.png>]

Package fancyhdr Warning: \headheight is too small (12.0pt): 
(fancyhdr)                Make it at least 14.49998pt, for example:
(fancyhdr)                \setlength{\headheight}{14.49998pt}.
(fancyhdr)                You might also make \topmargin smaller to compensate:

(fancyhdr)                \addtolength{\topmargin}{-2.49998pt}.


pdfTeX warning (ext4): destination with the same identifier (name{page.8}) has 
been already used, duplicate ignored
<to be read again> 
                   \relax 
l.344 
       [8]

Package fancyhdr Warning: \headheight is too small (12.0pt): 
(fancyhdr)                Make it at least 14.49998pt, for example:
(fancyhdr)                \setlength{\headheight}{14.49998pt}.
(fancyhdr)                You might also make \topmargin smaller to compensate:

(fancyhdr)                \addtolength{\topmargin}{-2.49998pt}.


pdfTeX warning (ext4): destination with the same identifier (name{page.9}) has 
been already used, duplicate ignored
<to be read again> 
                   \relax 
l.349 \clearpage
                 [9]
<LitSurvey.pdf, id=356, 614.295pt x 794.97pt>
File: LitSurvey.pdf Graphic file (type pdf)
<use LitSurvey.pdf>
Package pdftex.def Info: LitSurvey.pdf  used on input line 355.
(pdftex.def)             Requested size: 614.29349pt x 794.96806pt.
File: LitSurvey.pdf Graphic file (type pdf)
<use LitSurvey.pdf>
Package pdftex.def Info: LitSurvey.pdf  used on input line 355.
(pdftex.def)             Requested size: 614.29349pt x 794.96806pt.
<LitSurvey.pdf, id=359, page=1, 614.295pt x 794.97pt>
File: LitSurvey.pdf Graphic file (type pdf)
<use LitSurvey.pdf, page 1>
Package pdftex.def Info: LitSurvey.pdf , page1 used on input line 355.
(pdftex.def)             Requested size: 614.29349pt x 794.96806pt.
File: LitSurvey.pdf Graphic file (type pdf)
<use LitSurvey.pdf, page 1>
Package pdftex.def Info: LitSurvey.pdf , page1 used on input line 355.
(pdftex.def)             Requested size: 614.58406pt x 795.3441pt.


Package fancyhdr Warning: \headheight is too small (12.0pt): 
(fancyhdr)                Make it at least 14.49998pt, for example:
(fancyhdr)                \setlength{\headheight}{14.49998pt}.
(fancyhdr)                You might also make \topmargin smaller to compensate:

(fancyhdr)                \addtolength{\topmargin}{-2.49998pt}.


pdfTeX warning (ext4): destination with the same identifier (name{page.10}) has
 been already used, duplicate ignored
<to be read again> 
                   \relax 
l.355 ...ages={1-} ,offset=0cm 0cm]{LitSurvey.pdf}
                                                   [10

]
File: LitSurvey.pdf Graphic file (type pdf)
<use LitSurvey.pdf, page 1>
Package pdftex.def Info: LitSurvey.pdf , page1 used on input line 355.
(pdftex.def)             Requested size: 614.58406pt x 795.3441pt.
File: LitSurvey.pdf Graphic file (type pdf)
<use LitSurvey.pdf, page 1>
Package pdftex.def Info: LitSurvey.pdf , page1 used on input line 355.
(pdftex.def)             Requested size: 614.58406pt x 795.3441pt.

pdfTeX warning (ext4): destination with the same identifier (name{page.11}) has
 been already used, duplicate ignored
<to be read again> 
                   \relax 
l.355 ...ages={1-} ,offset=0cm 0cm]{LitSurvey.pdf}
                                                  
File: LitSurvey.pdf Graphic file (type pdf)
<use LitSurvey.pdf, page 1>
Package pdftex.def Info: LitSurvey.pdf , page1 used on input line 355.
(pdftex.def)             Requested size: 614.58406pt x 795.3441pt.
 [11 <./LitSurvey.pdf>]
<LitSurvey.pdf, id=374, page=2, 614.295pt x 794.97pt>
File: LitSurvey.pdf Graphic file (type pdf)
<use LitSurvey.pdf, page 2>
Package pdftex.def Info: LitSurvey.pdf , page2 used on input line 355.
(pdftex.def)             Requested size: 614.58406pt x 795.3441pt.
File: LitSurvey.pdf Graphic file (type pdf)
<use LitSurvey.pdf, page 2>
Package pdftex.def Info: LitSurvey.pdf , page2 used on input line 355.
(pdftex.def)             Requested size: 614.58406pt x 795.3441pt.

pdfTeX warning (ext4): destination with the same identifier (name{page.12}) has
 been already used, duplicate ignored
<to be read again> 
                   \relax 
l.355 ...ages={1-} ,offset=0cm 0cm]{LitSurvey.pdf}
                                                  
File: LitSurvey.pdf Graphic file (type pdf)
<use LitSurvey.pdf, page 2>
Package pdftex.def Info: LitSurvey.pdf , page2 used on input line 355.
(pdftex.def)             Requested size: 614.58406pt x 795.3441pt.
 [12 <./LitSurvey.pdf>]

Package fancyhdr Warning: \headheight is too small (12.0pt): 
(fancyhdr)                Make it at least 14.49998pt, for example:
(fancyhdr)                \setlength{\headheight}{14.49998pt}.
(fancyhdr)                You might also make \topmargin smaller to compensate:

(fancyhdr)                \addtolength{\topmargin}{-2.49998pt}.


pdfTeX warning (ext4): destination with the same identifier (name{page.13}) has
 been already used, duplicate ignored
<to be read again> 
                   \relax 
l.382 \item T
             he game depends on network connectivity to connect players to t...
[13]

Package fancyhdr Warning: \headheight is too small (12.0pt): 
(fancyhdr)                Make it at least 14.49998pt, for example:
(fancyhdr)                \setlength{\headheight}{14.49998pt}.
(fancyhdr)                You might also make \topmargin smaller to compensate:

(fancyhdr)                \addtolength{\topmargin}{-2.49998pt}.

[14]
<HardwareInfo.pdf, id=388, 614.295pt x 794.97pt>
File: HardwareInfo.pdf Graphic file (type pdf)
<use HardwareInfo.pdf>
Package pdftex.def Info: HardwareInfo.pdf  used on input line 432.
(pdftex.def)             Requested size: 614.29349pt x 794.96806pt.
File: HardwareInfo.pdf Graphic file (type pdf)
<use HardwareInfo.pdf>
Package pdftex.def Info: HardwareInfo.pdf  used on input line 432.
(pdftex.def)             Requested size: 614.29349pt x 794.96806pt.
<HardwareInfo.pdf, id=391, page=1, 614.295pt x 794.97pt>
File: HardwareInfo.pdf Graphic file (type pdf)
<use HardwareInfo.pdf, page 1>
Package pdftex.def Info: HardwareInfo.pdf , page1 used on input line 432.
(pdftex.def)             Requested size: 614.29349pt x 794.96806pt.
File: HardwareInfo.pdf Graphic file (type pdf)
<use HardwareInfo.pdf, page 1>
Package pdftex.def Info: HardwareInfo.pdf , page1 used on input line 432.
(pdftex.def)             Requested size: 614.58406pt x 795.3441pt.


Package fancyhdr Warning: \headheight is too small (12.0pt): 
(fancyhdr)                Make it at least 14.49998pt, for example:
(fancyhdr)                \setlength{\headheight}{14.49998pt}.
(fancyhdr)                You might also make \topmargin smaller to compensate:

(fancyhdr)                \addtolength{\topmargin}{-2.49998pt}.

[15]
File: HardwareInfo.pdf Graphic file (type pdf)
<use HardwareInfo.pdf, page 1>
Package pdftex.def Info: HardwareInfo.pdf , page1 used on input line 432.
(pdftex.def)             Requested size: 614.58406pt x 795.3441pt.
File: HardwareInfo.pdf Graphic file (type pdf)
<use HardwareInfo.pdf, page 1>
Package pdftex.def Info: HardwareInfo.pdf , page1 used on input line 432.
(pdftex.def)             Requested size: 614.58406pt x 795.3441pt.
File: HardwareInfo.pdf Graphic file (type pdf)
<use HardwareInfo.pdf, page 1>
Package pdftex.def Info: HardwareInfo.pdf , page1 used on input line 432.
(pdftex.def)             Requested size: 614.58406pt x 795.3441pt.
 [16 <./HardwareInfo.pdf>]
<HardwareInfo.pdf, id=415, page=2, 614.295pt x 794.97pt>
File: HardwareInfo.pdf Graphic file (type pdf)
<use HardwareInfo.pdf, page 2>
Package pdftex.def Info: HardwareInfo.pdf , page2 used on input line 432.
(pdftex.def)             Requested size: 614.58406pt x 795.3441pt.
File: HardwareInfo.pdf Graphic file (type pdf)
<use HardwareInfo.pdf, page 2>
Package pdftex.def Info: HardwareInfo.pdf , page2 used on input line 432.
(pdftex.def)             Requested size: 614.58406pt x 795.3441pt.
File: HardwareInfo.pdf Graphic file (type pdf)
<use HardwareInfo.pdf, page 2>
Package pdftex.def Info: HardwareInfo.pdf , page2 used on input line 432.
(pdftex.def)             Requested size: 614.58406pt x 795.3441pt.
 [17 <./HardwareInfo.pdf>]
<HardwareInfo.pdf, id=420, page=3, 614.295pt x 794.97pt>
File: HardwareInfo.pdf Graphic file (type pdf)
<use HardwareInfo.pdf, page 3>
Package pdftex.def Info: HardwareInfo.pdf , page3 used on input line 432.
(pdftex.def)             Requested size: 614.58406pt x 795.3441pt.
File: HardwareInfo.pdf Graphic file (type pdf)
<use HardwareInfo.pdf, page 3>
Package pdftex.def Info: HardwareInfo.pdf , page3 used on input line 432.
(pdftex.def)             Requested size: 614.58406pt x 795.3441pt.
File: HardwareInfo.pdf Graphic file (type pdf)
<use HardwareInfo.pdf, page 3>
Package pdftex.def Info: HardwareInfo.pdf , page3 used on input line 432.
(pdftex.def)             Requested size: 614.58406pt x 795.3441pt.
 [18 <./HardwareInfo.pdf>]
<images//Haar.png, id=431, 2055.68pt x 1369.115pt>
File: images//Haar.png Graphic file (type png)
<use images//Haar.png>
Package pdftex.def Info: images//Haar.png  used on input line 456.
(pdftex.def)             Requested size: 411.12872pt x 273.81815pt.

Overfull \hbox (21.12872pt too wide) in paragraph at lines 456--457
[][] 
 []


Package fancyhdr Warning: \headheight is too small (12.0pt): 
(fancyhdr)                Make it at least 14.49998pt, for example:
(fancyhdr)                \setlength{\headheight}{14.49998pt}.
(fancyhdr)                You might also make \topmargin smaller to compensate:

(fancyhdr)                \addtolength{\topmargin}{-2.49998pt}.

[19 <./images//Haar.png>]
<images//image7.png, id=438, 602.25pt x 401.5pt>
File: images//image7.png Graphic file (type png)
<use images//image7.png>
Package pdftex.def Info: images//image7.png  used on input line 464.
(pdftex.def)             Requested size: 361.35278pt x 240.90184pt.


Package fancyhdr Warning: \headheight is too small (12.0pt): 
(fancyhdr)                Make it at least 14.49998pt, for example:
(fancyhdr)                \setlength{\headheight}{14.49998pt}.
(fancyhdr)                You might also make \topmargin smaller to compensate:

(fancyhdr)                \addtolength{\topmargin}{-2.49998pt}.

[20]
<images//image8.png, id=443, 2055.68pt x 1369.115pt>
File: images//image8.png Graphic file (type png)
<use images//image8.png>
Package pdftex.def Info: images//image8.png  used on input line 468.
(pdftex.def)             Requested size: 411.12872pt x 273.81815pt.

Overfull \hbox (21.12872pt too wide) in paragraph at lines 468--469
[][] 
 []


Package fancyhdr Warning: \headheight is too small (12.0pt): 
(fancyhdr)                Make it at least 14.49998pt, for example:
(fancyhdr)                \setlength{\headheight}{14.49998pt}.
(fancyhdr)                You might also make \topmargin smaller to compensate:

(fancyhdr)                \addtolength{\topmargin}{-2.49998pt}.

[21 <./images//image7.png>]

Package fancyhdr Warning: \headheight is too small (12.0pt): 
(fancyhdr)                Make it at least 14.49998pt, for example:
(fancyhdr)                \setlength{\headheight}{14.49998pt}.
(fancyhdr)                You might also make \topmargin smaller to compensate:

(fancyhdr)                \addtolength{\topmargin}{-2.49998pt}.

[22 <./images//image8.png>]

Package fancyhdr Warning: \headheight is too small (12.0pt): 
(fancyhdr)                Make it at least 14.49998pt, for example:
(fancyhdr)                \setlength{\headheight}{14.49998pt}.
(fancyhdr)                You might also make \topmargin smaller to compensate:

(fancyhdr)                \addtolength{\topmargin}{-2.49998pt}.

[23]
Overfull \hbox (3.82281pt too wide) in paragraph at lines 499--500
\OT1/ptm/m/n/12 sumer pro-tec-tion laws, ad-ver-tis-ing stan-dards, and in-tel-
lec-tual prop-erty rights. 
 []


Package fancyhdr Warning: \headheight is too small (12.0pt): 
(fancyhdr)                Make it at least 14.49998pt, for example:
(fancyhdr)                \setlength{\headheight}{14.49998pt}.
(fancyhdr)                You might also make \topmargin smaller to compensate:

(fancyhdr)                \addtolength{\topmargin}{-2.49998pt}.

[24]

Package fancyhdr Warning: \headheight is too small (12.0pt): 
(fancyhdr)                Make it at least 14.49998pt, for example:
(fancyhdr)                \setlength{\headheight}{14.49998pt}.
(fancyhdr)                You might also make \topmargin smaller to compensate:

(fancyhdr)                \addtolength{\topmargin}{-2.49998pt}.

[25]

Package fancyhdr Warning: \headheight is too small (12.0pt): 
(fancyhdr)                Make it at least 14.49998pt, for example:
(fancyhdr)                \setlength{\headheight}{14.49998pt}.
(fancyhdr)                You might also make \topmargin smaller to compensate:

(fancyhdr)                \addtolength{\topmargin}{-2.49998pt}.

[26]
File: HardwareInfo.pdf Graphic file (type pdf)
<use HardwareInfo.pdf>
Package pdftex.def Info: HardwareInfo.pdf  used on input line 556.
(pdftex.def)             Requested size: 614.29349pt x 794.96806pt.
File: HardwareInfo.pdf Graphic file (type pdf)
<use HardwareInfo.pdf>
Package pdftex.def Info: HardwareInfo.pdf  used on input line 556.
(pdftex.def)             Requested size: 614.29349pt x 794.96806pt.
File: HardwareInfo.pdf Graphic file (type pdf)
<use HardwareInfo.pdf, page 1>
Package pdftex.def Info: HardwareInfo.pdf , page1 used on input line 556.
(pdftex.def)             Requested size: 614.29349pt x 794.96806pt.
File: HardwareInfo.pdf Graphic file (type pdf)
<use HardwareInfo.pdf, page 1>
Package pdftex.def Info: HardwareInfo.pdf , page1 used on input line 556.
(pdftex.def)             Requested size: 614.58406pt x 795.3441pt.


Package fancyhdr Warning: \headheight is too small (12.0pt): 
(fancyhdr)                Make it at least 14.49998pt, for example:
(fancyhdr)                \setlength{\headheight}{14.49998pt}.
(fancyhdr)                You might also make \topmargin smaller to compensate:

(fancyhdr)                \addtolength{\topmargin}{-2.49998pt}.

[27]
File: HardwareInfo.pdf Graphic file (type pdf)
<use HardwareInfo.pdf, page 1>
Package pdftex.def Info: HardwareInfo.pdf , page1 used on input line 556.
(pdftex.def)             Requested size: 614.58406pt x 795.3441pt.
File: HardwareInfo.pdf Graphic file (type pdf)
<use HardwareInfo.pdf, page 1>
Package pdftex.def Info: HardwareInfo.pdf , page1 used on input line 556.
(pdftex.def)             Requested size: 614.58406pt x 795.3441pt.
File: HardwareInfo.pdf Graphic file (type pdf)
<use HardwareInfo.pdf, page 1>
Package pdftex.def Info: HardwareInfo.pdf , page1 used on input line 556.
(pdftex.def)             Requested size: 614.58406pt x 795.3441pt.
 [28]
File: HardwareInfo.pdf Graphic file (type pdf)
<use HardwareInfo.pdf, page 2>
Package pdftex.def Info: HardwareInfo.pdf , page2 used on input line 556.
(pdftex.def)             Requested size: 614.58406pt x 795.3441pt.
File: HardwareInfo.pdf Graphic file (type pdf)
<use HardwareInfo.pdf, page 2>
Package pdftex.def Info: HardwareInfo.pdf , page2 used on input line 556.
(pdftex.def)             Requested size: 614.58406pt x 795.3441pt.
File: HardwareInfo.pdf Graphic file (type pdf)
<use HardwareInfo.pdf, page 2>
Package pdftex.def Info: HardwareInfo.pdf , page2 used on input line 556.
(pdftex.def)             Requested size: 614.58406pt x 795.3441pt.
 [29]
File: HardwareInfo.pdf Graphic file (type pdf)
<use HardwareInfo.pdf, page 3>
Package pdftex.def Info: HardwareInfo.pdf , page3 used on input line 556.
(pdftex.def)             Requested size: 614.58406pt x 795.3441pt.
File: HardwareInfo.pdf Graphic file (type pdf)
<use HardwareInfo.pdf, page 3>
Package pdftex.def Info: HardwareInfo.pdf , page3 used on input line 556.
(pdftex.def)             Requested size: 614.58406pt x 795.3441pt.
File: HardwareInfo.pdf Graphic file (type pdf)
<use HardwareInfo.pdf, page 3>
Package pdftex.def Info: HardwareInfo.pdf , page3 used on input line 556.
(pdftex.def)             Requested size: 614.58406pt x 795.3441pt.
 [30]
<images//Class Diagram.png, id=496, 482.40225pt x 298.11375pt>
File: images//Class Diagram.png Graphic file (type png)
<use images//Class Diagram.png>
Package pdftex.def Info: images//Class Diagram.png  used on input line 571.
(pdftex.def)             Requested size: 434.158pt x 268.2999pt.

Overfull \hbox (44.158pt too wide) in paragraph at lines 571--572
 [][] 
 []


Package fancyhdr Warning: \headheight is too small (12.0pt): 
(fancyhdr)                Make it at least 14.49998pt, for example:
(fancyhdr)                \setlength{\headheight}{14.49998pt}.
(fancyhdr)                You might also make \topmargin smaller to compensate:

(fancyhdr)                \addtolength{\topmargin}{-2.49998pt}.

[31 <./images//Class Diagram.png>]

Package fancyhdr Warning: \headheight is too small (12.0pt): 
(fancyhdr)                Make it at least 14.49998pt, for example:
(fancyhdr)                \setlength{\headheight}{14.49998pt}.
(fancyhdr)                You might also make \topmargin smaller to compensate:

(fancyhdr)                \addtolength{\topmargin}{-2.49998pt}.

[32]

Package fancyhdr Warning: \headheight is too small (12.0pt): 
(fancyhdr)                Make it at least 14.49998pt, for example:
(fancyhdr)                \setlength{\headheight}{14.49998pt}.
(fancyhdr)                You might also make \topmargin smaller to compensate:

(fancyhdr)                \addtolength{\topmargin}{-2.49998pt}.

[33]

Package fancyhdr Warning: \headheight is too small (12.0pt): 
(fancyhdr)                Make it at least 14.49998pt, for example:
(fancyhdr)                \setlength{\headheight}{14.49998pt}.
(fancyhdr)                You might also make \topmargin smaller to compensate:

(fancyhdr)                \addtolength{\topmargin}{-2.49998pt}.

[34]
<images//Data Flow diagram-0.png, id=514, 358.941pt x 233.1912pt>
File: images//Data Flow diagram-0.png Graphic file (type png)
<use images//Data Flow diagram-0.png>
Package pdftex.def Info: images//Data Flow diagram-0.png  used on input line 62
3.
(pdftex.def)             Requested size: 251.25697pt x 163.23271pt.
<images//Class.png, id=515, 905.3825pt x 744.7825pt>
File: images//Class.png Graphic file (type png)
<use images//Class.png>
Package pdftex.def Info: images//Class.png  used on input line 652.
(pdftex.def)             Requested size: 452.69014pt x 372.39034pt.

Overfull \hbox (62.69014pt too wide) in paragraph at lines 652--653
 [][] 
 []


LaTeX Warning: `h' float specifier changed to `ht'.


Package fancyhdr Warning: \headheight is too small (12.0pt): 
(fancyhdr)                Make it at least 14.49998pt, for example:
(fancyhdr)                \setlength{\headheight}{14.49998pt}.
(fancyhdr)                You might also make \topmargin smaller to compensate:

(fancyhdr)                \addtolength{\topmargin}{-2.49998pt}.

[35

 <./images//Data Flow diagram-0.png>]
<images//Activity.png, id=521, 905.3825pt x 744.7825pt>
File: images//Activity.png Graphic file (type png)
<use images//Activity.png>
Package pdftex.def Info: images//Activity.png  used on input line 675.
(pdftex.def)             Requested size: 452.69014pt x 372.39034pt.

Overfull \hbox (62.69014pt too wide) in paragraph at lines 675--676
 [][] 
 []


LaTeX Warning: `h' float specifier changed to `ht'.

<images//Use case.png, id=522, 905.3825pt x 744.7825pt>
File: images//Use case.png Graphic file (type png)
<use images//Use case.png>
Package pdftex.def Info: images//Use case.png  used on input line 700.
(pdftex.def)             Requested size: 452.69014pt x 372.39034pt.

Overfull \hbox (62.69014pt too wide) in paragraph at lines 700--701
 [][] 
 []


LaTeX Warning: `h' float specifier changed to `ht'.


Package fancyhdr Warning: \headheight is too small (12.0pt): 
(fancyhdr)                Make it at least 14.49998pt, for example:
(fancyhdr)                \setlength{\headheight}{14.49998pt}.
(fancyhdr)                You might also make \topmargin smaller to compensate:

(fancyhdr)                \addtolength{\topmargin}{-2.49998pt}.

[36]

Package fancyhdr Warning: \headheight is too small (12.0pt): 
(fancyhdr)                Make it at least 14.49998pt, for example:
(fancyhdr)                \setlength{\headheight}{14.49998pt}.
(fancyhdr)                You might also make \topmargin smaller to compensate:

(fancyhdr)                \addtolength{\topmargin}{-2.49998pt}.

[37 <./images//Class.png>]

Package fancyhdr Warning: \headheight is too small (12.0pt): 
(fancyhdr)                Make it at least 14.49998pt, for example:
(fancyhdr)                \setlength{\headheight}{14.49998pt}.
(fancyhdr)                You might also make \topmargin smaller to compensate:

(fancyhdr)                \addtolength{\topmargin}{-2.49998pt}.

[38 <./images//Activity.png>]

Package fancyhdr Warning: \headheight is too small (12.0pt): 
(fancyhdr)                Make it at least 14.49998pt, for example:
(fancyhdr)                \setlength{\headheight}{14.49998pt}.
(fancyhdr)                You might also make \topmargin smaller to compensate:

(fancyhdr)                \addtolength{\topmargin}{-2.49998pt}.

[39 <./images//Use case.png>]

Package fancyhdr Warning: \headheight is too small (12.0pt): 
(fancyhdr)                Make it at least 14.49998pt, for example:
(fancyhdr)                \setlength{\headheight}{14.49998pt}.
(fancyhdr)                You might also make \topmargin smaller to compensate:

(fancyhdr)                \addtolength{\topmargin}{-2.49998pt}.

[40

]

Package fancyhdr Warning: \headheight is too small (12.0pt): 
(fancyhdr)                Make it at least 14.49998pt, for example:
(fancyhdr)                \setlength{\headheight}{14.49998pt}.
(fancyhdr)                You might also make \topmargin smaller to compensate:

(fancyhdr)                \addtolength{\topmargin}{-2.49998pt}.

[41]
File: images//Data Flow diagram-0.png Graphic file (type png)
<use images//Data Flow diagram-0.png>
Package pdftex.def Info: images//Data Flow diagram-0.png  used on input line 76
7.
(pdftex.def)             Requested size: 251.25697pt x 163.23271pt.
<images//Data Flow diagram-1.png, id=559, 438.63875pt x 242.9075pt>
File: images//Data Flow diagram-1.png Graphic file (type png)
<use images//Data Flow diagram-1.png>
Package pdftex.def Info: images//Data Flow diagram-1.png  used on input line 77
6.
(pdftex.def)             Requested size: 350.91147pt x 194.32625pt.


LaTeX Warning: `h' float specifier changed to `ht'.

File: images//Data Flow diagram-1.png Graphic file (type png)
<use images//Data Flow diagram-1.png>
Package pdftex.def Info: images//Data Flow diagram-1.png  used on input line 78
6.
(pdftex.def)             Requested size: 438.63766pt x 242.90689pt.

Overfull \hbox (48.63766pt too wide) in paragraph at lines 786--787
 [][] 
 []


LaTeX Warning: `h' float specifier changed to `ht'.


Package fancyhdr Warning: \headheight is too small (12.0pt): 
(fancyhdr)                Make it at least 14.49998pt, for example:
(fancyhdr)                \setlength{\headheight}{14.49998pt}.
(fancyhdr)                You might also make \topmargin smaller to compensate:

(fancyhdr)                \addtolength{\topmargin}{-2.49998pt}.

[42

]

Package fancyhdr Warning: \headheight is too small (12.0pt): 
(fancyhdr)                Make it at least 14.49998pt, for example:
(fancyhdr)                \setlength{\headheight}{14.49998pt}.
(fancyhdr)                You might also make \topmargin smaller to compensate:

(fancyhdr)                \addtolength{\topmargin}{-2.49998pt}.

[43 <./images//Data Flow diagram-1.png>]
Overfull \hbox (0.94453pt too wide) in paragraph at lines 799--804
\OT1/ptm/m/n/12 Unified Mod-el-ing Lan-guage is a stan-dard lan-guage for writ-
ing soft-ware blueprints.
 []


Package fancyhdr Warning: \headheight is too small (12.0pt): 
(fancyhdr)                Make it at least 14.49998pt, for example:
(fancyhdr)                \setlength{\headheight}{14.49998pt}.
(fancyhdr)                You might also make \topmargin smaller to compensate:

(fancyhdr)                \addtolength{\topmargin}{-2.49998pt}.

[44

]
<images//images15.png, id=574, 1059.96pt x 792.9625pt>
File: images//images15.png Graphic file (type png)
<use images//images15.png>
Package pdftex.def Info: images//images15.png  used on input line 827.
(pdftex.def)             Requested size: 741.96695pt x 555.06996pt.

Overfull \hbox (351.96695pt too wide) in paragraph at lines 827--828
 [][] 
 []


LaTeX Warning: Float too large for page by 40.91786pt on input line 830.


LaTeX Warning: `h' float specifier changed to `ht'.

<images//images14.png, id=575, 1479.5275pt x 935.495pt>
File: images//images14.png Graphic file (type png)
<use images//images14.png>
Package pdftex.def Info: images//images14.png  used on input line 837.
(pdftex.def)             Requested size: 1183.62363pt x 748.39702pt.

Overfull \hbox (793.62363pt too wide) in paragraph at lines 837--838
 [][] 
 []


LaTeX Warning: Float too large for page by 234.24492pt on input line 840.


LaTeX Warning: `h' float specifier changed to `ht'.

File: images//images14.png Graphic file (type png)
<use images//images14.png>
Package pdftex.def Info: images//images14.png  used on input line 854.
(pdftex.def)             Requested size: 1331.56247pt x 841.93771pt.

Overfull \hbox (941.56247pt too wide) in paragraph at lines 854--855
 [][] 
 []


LaTeX Warning: Float too large for page by 327.78561pt on input line 857.


LaTeX Warning: `h' float specifier changed to `ht'.


Package fancyhdr Warning: \headheight is too small (12.0pt): 
(fancyhdr)                Make it at least 14.49998pt, for example:
(fancyhdr)                \setlength{\headheight}{14.49998pt}.
(fancyhdr)                You might also make \topmargin smaller to compensate:

(fancyhdr)                \addtolength{\topmargin}{-2.49998pt}.

[45

]

Package fancyhdr Warning: \headheight is too small (12.0pt): 
(fancyhdr)                Make it at least 14.49998pt, for example:
(fancyhdr)                \setlength{\headheight}{14.49998pt}.
(fancyhdr)                You might also make \topmargin smaller to compensate:

(fancyhdr)                \addtolength{\topmargin}{-2.49998pt}.

[46 <./images//images15.png>]

Package fancyhdr Warning: \headheight is too small (12.0pt): 
(fancyhdr)                Make it at least 14.49998pt, for example:
(fancyhdr)                \setlength{\headheight}{14.49998pt}.
(fancyhdr)                You might also make \topmargin smaller to compensate:

(fancyhdr)                \addtolength{\topmargin}{-2.49998pt}.

[47 <./images//images14.png>]

Package fancyhdr Warning: \headheight is too small (12.0pt): 
(fancyhdr)                Make it at least 14.49998pt, for example:
(fancyhdr)                \setlength{\headheight}{14.49998pt}.
(fancyhdr)                You might also make \topmargin smaller to compensate:

(fancyhdr)                \addtolength{\topmargin}{-2.49998pt}.

[48]
File: images//Class Diagram.png Graphic file (type png)
<use images//Class Diagram.png>
Package pdftex.def Info: images//Class Diagram.png  used on input line 864.
(pdftex.def)             Requested size: 434.158pt x 268.2999pt.

Overfull \hbox (44.158pt too wide) in paragraph at lines 864--866
 [][] 
 []


Package fancyhdr Warning: \headheight is too small (12.0pt): 
(fancyhdr)                Make it at least 14.49998pt, for example:
(fancyhdr)                \setlength{\headheight}{14.49998pt}.
(fancyhdr)                You might also make \topmargin smaller to compensate:

(fancyhdr)                \addtolength{\topmargin}{-2.49998pt}.

[49

]

Package fancyhdr Warning: \headheight is too small (12.0pt): 
(fancyhdr)                Make it at least 14.49998pt, for example:
(fancyhdr)                \setlength{\headheight}{14.49998pt}.
(fancyhdr)                You might also make \topmargin smaller to compensate:

(fancyhdr)                \addtolength{\topmargin}{-2.49998pt}.

[50

]

Package fancyhdr Warning: \headheight is too small (12.0pt): 
(fancyhdr)                Make it at least 14.49998pt, for example:
(fancyhdr)                \setlength{\headheight}{14.49998pt}.
(fancyhdr)                You might also make \topmargin smaller to compensate:

(fancyhdr)                \addtolength{\topmargin}{-2.49998pt}.

[51

]

Package fancyhdr Warning: \headheight is too small (12.0pt): 
(fancyhdr)                Make it at least 14.49998pt, for example:
(fancyhdr)                \setlength{\headheight}{14.49998pt}.
(fancyhdr)                You might also make \topmargin smaller to compensate:

(fancyhdr)                \addtolength{\topmargin}{-2.49998pt}.

[52]

Package fancyhdr Warning: \headheight is too small (12.0pt): 
(fancyhdr)                Make it at least 14.49998pt, for example:
(fancyhdr)                \setlength{\headheight}{14.49998pt}.
(fancyhdr)                You might also make \topmargin smaller to compensate:

(fancyhdr)                \addtolength{\topmargin}{-2.49998pt}.

[53]

Package fancyhdr Warning: \headheight is too small (12.0pt): 
(fancyhdr)                Make it at least 14.49998pt, for example:
(fancyhdr)                \setlength{\headheight}{14.49998pt}.
(fancyhdr)                You might also make \topmargin smaller to compensate:

(fancyhdr)                \addtolength{\topmargin}{-2.49998pt}.

[54]

Package fancyhdr Warning: \headheight is too small (12.0pt): 
(fancyhdr)                Make it at least 14.49998pt, for example:
(fancyhdr)                \setlength{\headheight}{14.49998pt}.
(fancyhdr)                You might also make \topmargin smaller to compensate:

(fancyhdr)                \addtolength{\topmargin}{-2.49998pt}.

[55]
Overfull \hbox (8.02534pt too wide) in paragraph at lines 1022--1023
[]\OT1/ptm/m/n/12 Prepare the game for de-ploy-ment on var-i-ous plat-forms, in
-clud-ing Steam,
 []


Package fancyhdr Warning: \headheight is too small (12.0pt): 
(fancyhdr)                Make it at least 14.49998pt, for example:
(fancyhdr)                \setlength{\headheight}{14.49998pt}.
(fancyhdr)                You might also make \topmargin smaller to compensate:

(fancyhdr)                \addtolength{\topmargin}{-2.49998pt}.

[56]

Package fancyhdr Warning: \headheight is too small (12.0pt): 
(fancyhdr)                Make it at least 14.49998pt, for example:
(fancyhdr)                \setlength{\headheight}{14.49998pt}.
(fancyhdr)                You might also make \topmargin smaller to compensate:

(fancyhdr)                \addtolength{\topmargin}{-2.49998pt}.

[57]

Package fancyhdr Warning: \headheight is too small (12.0pt): 
(fancyhdr)                Make it at least 14.49998pt, for example:
(fancyhdr)                \setlength{\headheight}{14.49998pt}.
(fancyhdr)                You might also make \topmargin smaller to compensate:

(fancyhdr)                \addtolength{\topmargin}{-2.49998pt}.

[58]
Underfull \hbox (badness 10000) in paragraph at lines 1080--1082

 []


Underfull \hbox (badness 10000) in paragraph at lines 1090--1091

 []


Package fancyhdr Warning: \headheight is too small (12.0pt): 
(fancyhdr)                Make it at least 14.49998pt, for example:
(fancyhdr)                \setlength{\headheight}{14.49998pt}.
(fancyhdr)                You might also make \topmargin smaller to compensate:

(fancyhdr)                \addtolength{\topmargin}{-2.49998pt}.

[59

]

Package fancyhdr Warning: \headheight is too small (12.0pt): 
(fancyhdr)                Make it at least 14.49998pt, for example:
(fancyhdr)                \setlength{\headheight}{14.49998pt}.
(fancyhdr)                You might also make \topmargin smaller to compensate:

(fancyhdr)                \addtolength{\topmargin}{-2.49998pt}.

[60

]

Package fancyhdr Warning: \headheight is too small (12.0pt): 
(fancyhdr)                Make it at least 14.49998pt, for example:
(fancyhdr)                \setlength{\headheight}{14.49998pt}.
(fancyhdr)                You might also make \topmargin smaller to compensate:

(fancyhdr)                \addtolength{\topmargin}{-2.49998pt}.

[61

]

Package fancyhdr Warning: \headheight is too small (12.0pt): 
(fancyhdr)                Make it at least 14.49998pt, for example:
(fancyhdr)                \setlength{\headheight}{14.49998pt}.
(fancyhdr)                You might also make \topmargin smaller to compensate:

(fancyhdr)                \addtolength{\topmargin}{-2.49998pt}.

[62]

Package fancyhdr Warning: \headheight is too small (12.0pt): 
(fancyhdr)                Make it at least 14.49998pt, for example:
(fancyhdr)                \setlength{\headheight}{14.49998pt}.
(fancyhdr)                You might also make \topmargin smaller to compensate:

(fancyhdr)                \addtolength{\topmargin}{-2.49998pt}.

[63]

Package fancyhdr Warning: \headheight is too small (12.0pt): 
(fancyhdr)                Make it at least 14.49998pt, for example:
(fancyhdr)                \setlength{\headheight}{14.49998pt}.
(fancyhdr)                You might also make \topmargin smaller to compensate:

(fancyhdr)                \addtolength{\topmargin}{-2.49998pt}.

[64]

Package fancyhdr Warning: \headheight is too small (12.0pt): 
(fancyhdr)                Make it at least 14.49998pt, for example:
(fancyhdr)                \setlength{\headheight}{14.49998pt}.
(fancyhdr)                You might also make \topmargin smaller to compensate:

(fancyhdr)                \addtolength{\topmargin}{-2.49998pt}.

[65]

Package fancyhdr Warning: \headheight is too small (12.0pt): 
(fancyhdr)                Make it at least 14.49998pt, for example:
(fancyhdr)                \setlength{\headheight}{14.49998pt}.
(fancyhdr)                You might also make \topmargin smaller to compensate:

(fancyhdr)                \addtolength{\topmargin}{-2.49998pt}.

[66]
<Testing.pdf, id=681, 614.295pt x 794.97pt>
File: Testing.pdf Graphic file (type pdf)
<use Testing.pdf>
Package pdftex.def Info: Testing.pdf  used on input line 1322.
(pdftex.def)             Requested size: 614.29349pt x 794.96806pt.
File: Testing.pdf Graphic file (type pdf)
<use Testing.pdf>
Package pdftex.def Info: Testing.pdf  used on input line 1322.
(pdftex.def)             Requested size: 614.29349pt x 794.96806pt.
<Testing.pdf, id=684, page=1, 614.295pt x 794.97pt>
File: Testing.pdf Graphic file (type pdf)
<use Testing.pdf, page 1>
Package pdftex.def Info: Testing.pdf , page1 used on input line 1322.
(pdftex.def)             Requested size: 614.29349pt x 794.96806pt.
File: Testing.pdf Graphic file (type pdf)
<use Testing.pdf, page 1>
Package pdftex.def Info: Testing.pdf , page1 used on input line 1322.
(pdftex.def)             Requested size: 614.58406pt x 795.3441pt.


Package fancyhdr Warning: \headheight is too small (12.0pt): 
(fancyhdr)                Make it at least 14.49998pt, for example:
(fancyhdr)                \setlength{\headheight}{14.49998pt}.
(fancyhdr)                You might also make \topmargin smaller to compensate:

(fancyhdr)                \addtolength{\topmargin}{-2.49998pt}.

[67

]
File: Testing.pdf Graphic file (type pdf)
<use Testing.pdf, page 1>
Package pdftex.def Info: Testing.pdf , page1 used on input line 1322.
(pdftex.def)             Requested size: 614.58406pt x 795.3441pt.
File: Testing.pdf Graphic file (type pdf)
<use Testing.pdf, page 1>
Package pdftex.def Info: Testing.pdf , page1 used on input line 1322.
(pdftex.def)             Requested size: 614.58406pt x 795.3441pt.
File: Testing.pdf Graphic file (type pdf)
<use Testing.pdf, page 1>
Package pdftex.def Info: Testing.pdf , page1 used on input line 1322.
(pdftex.def)             Requested size: 614.58406pt x 795.3441pt.
 [68 <./Testing.pdf>]
<Testing.pdf, id=701, page=2, 614.295pt x 794.97pt>
File: Testing.pdf Graphic file (type pdf)
<use Testing.pdf, page 2>
Package pdftex.def Info: Testing.pdf , page2 used on input line 1322.
(pdftex.def)             Requested size: 614.58406pt x 795.3441pt.
File: Testing.pdf Graphic file (type pdf)
<use Testing.pdf, page 2>
Package pdftex.def Info: Testing.pdf , page2 used on input line 1322.
(pdftex.def)             Requested size: 614.58406pt x 795.3441pt.
File: Testing.pdf Graphic file (type pdf)
<use Testing.pdf, page 2>
Package pdftex.def Info: Testing.pdf , page2 used on input line 1322.
(pdftex.def)             Requested size: 614.58406pt x 795.3441pt.
 [69 <./Testing.pdf>]
<Testing.pdf, id=712, page=3, 614.295pt x 794.97pt>
File: Testing.pdf Graphic file (type pdf)
<use Testing.pdf, page 3>
Package pdftex.def Info: Testing.pdf , page3 used on input line 1322.
(pdftex.def)             Requested size: 614.58406pt x 795.3441pt.
File: Testing.pdf Graphic file (type pdf)
<use Testing.pdf, page 3>
Package pdftex.def Info: Testing.pdf , page3 used on input line 1322.
(pdftex.def)             Requested size: 614.58406pt x 795.3441pt.
File: Testing.pdf Graphic file (type pdf)
<use Testing.pdf, page 3>
Package pdftex.def Info: Testing.pdf , page3 used on input line 1322.
(pdftex.def)             Requested size: 614.58406pt x 795.3441pt.
 [70 <./Testing.pdf>]
<Testing.pdf, id=721, page=4, 614.295pt x 794.97pt>
File: Testing.pdf Graphic file (type pdf)
<use Testing.pdf, page 4>
Package pdftex.def Info: Testing.pdf , page4 used on input line 1322.
(pdftex.def)             Requested size: 614.58406pt x 795.3441pt.
File: Testing.pdf Graphic file (type pdf)
<use Testing.pdf, page 4>
Package pdftex.def Info: Testing.pdf , page4 used on input line 1322.
(pdftex.def)             Requested size: 614.58406pt x 795.3441pt.
File: Testing.pdf Graphic file (type pdf)
<use Testing.pdf, page 4>
Package pdftex.def Info: Testing.pdf , page4 used on input line 1322.
(pdftex.def)             Requested size: 614.58406pt x 795.3441pt.
 [71 <./Testing.pdf>]

Package fancyhdr Warning: \headheight is too small (12.0pt): 
(fancyhdr)                Make it at least 14.49998pt, for example:
(fancyhdr)                \setlength{\headheight}{14.49998pt}.
(fancyhdr)                You might also make \topmargin smaller to compensate:

(fancyhdr)                \addtolength{\topmargin}{-2.49998pt}.

[72]

Package fancyhdr Warning: \headheight is too small (12.0pt): 
(fancyhdr)                Make it at least 14.49998pt, for example:
(fancyhdr)                \setlength{\headheight}{14.49998pt}.
(fancyhdr)                You might also make \topmargin smaller to compensate:

(fancyhdr)                \addtolength{\topmargin}{-2.49998pt}.

[73]

Package fancyhdr Warning: \headheight is too small (12.0pt): 
(fancyhdr)                Make it at least 14.49998pt, for example:
(fancyhdr)                \setlength{\headheight}{14.49998pt}.
(fancyhdr)                You might also make \topmargin smaller to compensate:

(fancyhdr)                \addtolength{\topmargin}{-2.49998pt}.

[74]

Package fancyhdr Warning: \headheight is too small (12.0pt): 
(fancyhdr)                Make it at least 14.49998pt, for example:
(fancyhdr)                \setlength{\headheight}{14.49998pt}.
(fancyhdr)                You might also make \topmargin smaller to compensate:

(fancyhdr)                \addtolength{\topmargin}{-2.49998pt}.

[75]

Package fancyhdr Warning: \headheight is too small (12.0pt): 
(fancyhdr)                Make it at least 14.49998pt, for example:
(fancyhdr)                \setlength{\headheight}{14.49998pt}.
(fancyhdr)                You might also make \topmargin smaller to compensate:

(fancyhdr)                \addtolength{\topmargin}{-2.49998pt}.

[76]

Package fancyhdr Warning: \headheight is too small (12.0pt): 
(fancyhdr)                Make it at least 14.49998pt, for example:
(fancyhdr)                \setlength{\headheight}{14.49998pt}.
(fancyhdr)                You might also make \topmargin smaller to compensate:

(fancyhdr)                \addtolength{\topmargin}{-2.49998pt}.

[77]
<images//image32.png, id=758, 331.2375pt x 203.5605pt>
File: images//image32.png Graphic file (type png)
<use images//image32.png>
Package pdftex.def Info: images//image32.png  used on input line 1490.
(pdftex.def)             Requested size: 298.11098pt x 183.20274pt.


Package fancyhdr Warning: \headheight is too small (12.0pt): 
(fancyhdr)                Make it at least 14.49998pt, for example:
(fancyhdr)                \setlength{\headheight}{14.49998pt}.
(fancyhdr)                You might also make \topmargin smaller to compensate:

(fancyhdr)                \addtolength{\topmargin}{-2.49998pt}.

[78

 <./images//image32.png>]

Package fancyhdr Warning: \headheight is too small (12.0pt): 
(fancyhdr)                Make it at least 14.49998pt, for example:
(fancyhdr)                \setlength{\headheight}{14.49998pt}.
(fancyhdr)                You might also make \topmargin smaller to compensate:

(fancyhdr)                \addtolength{\topmargin}{-2.49998pt}.

[79] (./report.aux)

LaTeX Warning: There were multiply-defined labels.


Package rerunfilecheck Warning: File `report.out' has changed.
(rerunfilecheck)                Rerun to get outlines right
(rerunfilecheck)                or use package `bookmark'.

Package rerunfilecheck Info: Checksums for `report.out':
(rerunfilecheck)             Before: 12E6472311DE09FB638AA31CC52EA879;6728
(rerunfilecheck)             After:  F464D4968AC3FC87CB90175D683C4C70;6852.
 ) 
Here is how much of TeX's memory you used:
 11401 strings out of 477476
 185867 string characters out of 5824244
 1858388 words of memory out of 5000000
 31270 multiletter control sequences out of 15000+600000
 531541 words of font info for 67 fonts, out of 8000000 for 9000
 319 hyphenation exceptions out of 8191
 75i,17n,76p,1479b,614s stack positions out of 10000i,1000n,20000p,200000b,200000s
</usr/local/texlive/2023basic/texmf-dist/fonts/type1/public/amsfonts/cm/cmr12
.pfb></usr/local/texlive/2023basic/texmf-dist/fonts/type1/urw/times/utmb8a.pfb>
</usr/local/texlive/2023basic/texmf-dist/fonts/type1/urw/times/utmr8a.pfb>
Output written on report.pdf (92 pages, 4089435 bytes).
PDF statistics:
 853 PDF objects out of 1000 (max. 8388607)
 677 compressed objects within 7 object streams
 182 named destinations out of 1000 (max. 500000)
 541 words of extra memory for PDF output out of 10000 (max. 10000000)

