\BOOKMARK [1][-]{section.0.1}{\376\377\000I\000N\000T\000R\000O\000D\000U\000C\000T\000I\000O\000N}{}% 1
\BOOKMARK [2][-]{subsection.0.1.1}{\376\377\000O\000V\000E\000R\000V\000I\000E\000W}{section.0.1}% 2
\BOOKMARK [2][-]{subsection.0.1.2}{\376\377\000M\000O\000T\000I\000V\000A\000T\000I\000O\000N}{section.0.1}% 3
\BOOKMARK [2][-]{subsection.0.1.3}{\376\377\000P\000R\000O\000B\000L\000E\000M\000\040\000D\000E\000F\000I\000N\000I\000T\000I\000O\000N}{section.0.1}% 4
\BOOKMARK [2][-]{subsection.0.1.4}{\376\377\000P\000R\000O\000J\000E\000C\000T\000\040\000S\000C\000O\000P\000E\000\040\000A\000N\000D\000\040\000L\000I\000M\000I\000T\000A\000T\000I\000O\000N\000S}{section.0.1}% 5
\BOOKMARK [2][-]{subsection.0.1.5}{\376\377\000M\000E\000T\000H\000O\000D\000O\000L\000O\000G\000I\000E\000S\000\040\000O\000F\000\040\000P\000R\000O\000B\000L\000E\000M\000\040\000S\000O\000L\000V\000I\000N\000G}{section.0.1}% 6
\BOOKMARK [1][-]{section.0.2}{\376\377\000L\000I\000T\000E\000R\000A\000T\000U\000R\000E\000\040\000S\000U\000R\000V\000E\000Y}{}% 7
\BOOKMARK [1][-]{section.0.3}{\376\377\000S\000O\000F\000T\000W\000A\000R\000E\000\040\000R\000E\000Q\000U\000I\000R\000E\000M\000E\000N\000T\000\040\000S\000P\000E\000C\000I\000F\000I\000C\000A\000T\000I\000O\000N}{}% 8
\BOOKMARK [2][-]{subsection.0.3.1}{\376\377\000A\000S\000S\000S\000U\000M\000P\000T\000I\000O\000N\000S\000\040\000A\000N\000D\000\040\000D\000E\000P\000E\000N\000D\000E\000N\000C\000I\000E\000S}{section.0.3}% 9
\BOOKMARK [2][-]{subsection.0.3.2}{\376\377\000\040\000F\000U\000N\000C\000T\000I\000O\000N\000A\000L\000\040\000R\000E\000Q\000U\000I\000R\000E\000M\000E\000N\000T}{section.0.3}% 10
\BOOKMARK [2][-]{subsection.0.3.3}{\376\377\000\040\000E\000X\000T\000E\000R\000N\000A\000L\000\040\000I\000N\000T\000E\000R\000F\000A\000C\000E\000\040\000R\000E\000Q\000U\000I\000R\000E\000M\000E\000N\000T}{section.0.3}% 11
\BOOKMARK [2][-]{subsection.0.3.4}{\376\377\000\040\000N\000O\000N\000-\000F\000U\000N\000C\000T\000I\000O\000N\000A\000L\000\040\000R\000E\000Q\000U\000I\000R\000E\000M\000E\000N\000T}{section.0.3}% 12
\BOOKMARK [2][-]{subsection.0.3.5}{\376\377\000\040\000S\000Y\000S\000T\000E\000M\000\040\000R\000E\000Q\000U\000I\000R\000E\000M\000E\000N\000T\000S}{section.0.3}% 13
\BOOKMARK [2][-]{subsection.0.3.6}{\376\377\000\040\000A\000N\000A\000L\000Y\000S\000I\000S\000\040\000M\000O\000D\000E\000L\000S\000:\000\040\000S\000D\000L\000C\000\040\000M\000O\000D\000E\000L\000\040\000T\000O\000\040\000B\000E\000\040\000A\000P\000P\000L\000I\000E\000D}{section.0.3}% 14
\BOOKMARK [1][-]{section.0.4}{\376\377\000\040\000S\000Y\000S\000T\000E\000M\000\040\000D\000E\000S\000I\000G\000N}{}% 15
\BOOKMARK [2][-]{subsection.0.4.1}{\376\377\000S\000Y\000S\000T\000E\000M\000\040\000A\000R\000C\000H\000I\000T\000E\000C\000T\000U\000R\000E}{section.0.4}% 16
\BOOKMARK [2][-]{subsection.0.4.2}{\376\377\000U\000M\000L\000\040\000D\000I\000A\000G\000R\000A\000M\000S}{section.0.4}% 17
\BOOKMARK [2][-]{subsection.0.4.3}{\376\377\000C\000L\000A\000S\000S\000\040\000D\000I\000A\000G\000R\000A\000M}{section.0.4}% 18
\BOOKMARK [2][-]{subsection.0.4.4}{\376\377\000A\000C\000T\000I\000V\000I\000T\000Y\000\040\000D\000I\000A\000G\000R\000A\000M}{section.0.4}% 19
\BOOKMARK [2][-]{subsection.0.4.5}{\376\377\000U\000S\000E\000\040\000C\000A\000S\000E\000\040\000D\000I\000A\000G\000R\000A\000M}{section.0.4}% 20
\BOOKMARK [1][-]{section.0.5}{\376\377\000P\000R\000O\000J\000E\000C\000T\000\040\000P\000L\000A\000N}{}% 21
\BOOKMARK [2][-]{subsection.0.5.1}{\376\377\000P\000R\000O\000J\000E\000C\000T\000\040\000E\000S\000T\000I\000M\000A\000T\000E}{section.0.5}% 22
\BOOKMARK [2][-]{subsection.0.5.2}{\376\377\000R\000I\000S\000K\000\040\000M\000A\000N\000A\000G\000E\000M\000E\000N\000T}{section.0.5}% 23
\BOOKMARK [2][-]{subsection.0.5.3}{\376\377\000P\000R\000O\000J\000E\000C\000T\000\040\000S\000C\000H\000E\000D\000U\000L\000E}{section.0.5}% 24
\BOOKMARK [2][-]{subsection.0.5.4}{\376\377\000T\000E\000A\000M\000\040\000O\000R\000G\000A\000N\000I\000Z\000A\000T\000I\000O\000N}{section.0.5}% 25
\BOOKMARK [1][-]{section.0.6}{\376\377\000R\000E\000S\000U\000L\000T}{}% 26
\BOOKMARK [2][-]{subsection.0.6.1}{\376\377\000S\000C\000R\000E\000E\000N\000S\000H\000O\000T\000S}{section.0.6}% 27
\BOOKMARK [1][-]{section.0.7}{\376\377\000T\000E\000S\000T\000I\000N\000G}{}% 28
\BOOKMARK [2][-]{subsection.0.7.1}{\376\377\000I\000N\000T\000R\000O\000D\000U\000C\000T\000I\000O\000N}{section.0.7}% 29
\BOOKMARK [2][-]{subsection.0.7.2}{\376\377\000I\000M\000P\000L\000E\000M\000E\000N\000T\000A\000T\000I\000O\000N}{section.0.7}% 30
\BOOKMARK [2][-]{subsection.0.7.3}{\376\377\000O\000B\000J\000E\000C\000T\000I\000V\000E}{section.0.7}% 31
\BOOKMARK [2][-]{subsection.0.7.4}{\376\377\000T\000E\000S\000T\000I\000N\000G\000\040\000S\000T\000R\000A\000T\000E\000G\000Y}{section.0.7}% 32
\BOOKMARK [2][-]{subsection.0.7.5}{\376\377\000T\000Y\000P\000E\000S\000\040\000O\000F\000\040\000T\000E\000S\000T\000I\000N\000G}{section.0.7}% 33
\BOOKMARK [2][-]{subsection.0.7.6}{\376\377\000U\000N\000I\000T\000\040\000T\000E\000S\000T\000I\000N\000G}{section.0.7}% 34
\BOOKMARK [2][-]{subsection.0.7.7}{\376\377\000I\000N\000T\000E\000G\000R\000A\000T\000E\000D\000\040\000S\000Y\000S\000T\000E\000M}{section.0.7}% 35
\BOOKMARK [2][-]{subsection.0.7.8}{\376\377\000F\000U\000N\000C\000T\000I\000O\000N\000A\000L\000\040\000T\000E\000S\000T}{section.0.7}% 36
\BOOKMARK [1][-]{section.0.8}{\376\377\000T\000E\000S\000T\000\040\000C\000A\000S\000E\000S}{}% 37
\BOOKMARK [1][-]{section.0.9}{\376\377\000C\000O\000N\000C\000L\000U\000S\000I\000O\000N\000\040}{}% 38
\BOOKMARK [2][-]{subsection.0.9.1}{\376\377\000A\000P\000P\000L\000I\000C\000A\000T\000I\000O\000N\000S}{section.0.9}% 39
\BOOKMARK [1][-]{section.0.10}{\376\377\000R\000E\000F\000E\000R\000E\000N\000C\000E\000S}{}% 40
